<?xml version="1.0" encoding="utf-8"?><testsuites><testsuite errors="0" failures="0" hostname="LAPTOP-4O8BNPSJ" name="pytest" skipped="5" tests="16" time="0.093" timestamp="2022-03-29T12:15:51.978116"><testcase classname="test_Calculator" name="test_add2no[3-2-7]" time="0.001"><skipped message="" type="pytest.xfail" /></testcase><testcase classname="test_Calculator" name="test_add2no[8-2-10]" time="0.001" /><testcase classname="test_Calculator" name="test_add2no[1-2-3]" time="0.001" /><testcase classname="test_Calculator" name="test_add2no[2-3-5]" time="0.001" /><testcase classname="test_Calculator" name="test_sub2no[5-2-3]" time="0.001" /><testcase classname="test_Calculator" name="test_sub2no[8-2-6]" time="0.001" /><testcase classname="test_Calculator" name="test_sub2no[3-2-1]" time="0.001" /><testcase classname="test_Calculator" name="test_sub2no[4-3-1]" time="0.001" /><testcase classname="test_Calculator" name="test_mul2no[5-2-10]" time="0.001" /><testcase classname="test_Calculator" name="test_mul2no[8-2-16]" time="0.001" /><testcase classname="test_Calculator" name="test_mul2no[1-2-2]" time="0.001" /><testcase classname="test_Calculator" name="test_mul2no[4-3-12]" time="0.001" /><testcase classname="test_Calculator" name="test_div2no[6-2-30]" time="0.001"><skipped message="nothing" type="pytest.skip">C:\Users\navak\08\03\today10032022\pytest1\test_Calculator.py:21: nothing</skipped></testcase><testcase classname="test_Calculator" name="test_div2no[8-2-4]" time="0.001"><skipped message="nothing" type="pytest.skip">C:\Users\navak\08\03\today10032022\pytest1\test_Calculator.py:21: nothing</skipped></testcase><testcase classname="test_Calculator" name="test_div2no[6-2-31]" time="0.001"><skipped message="nothing" type="pytest.skip">C:\Users\navak\08\03\today10032022\pytest1\test_Calculator.py:21: nothing</skipped></testcase><testcase classname="test_Calculator" name="test_div2no[18-2-9]" time="0.000"><skipped message="nothing" type="pytest.skip">C:\Users\navak\08\03\today10032022\pytest1\test_Calculator.py:21: nothing</skipped></testcase></testsuite></testsuites>